<?xml version="1.0" encoding="UTF-8"?>
<!-- Generated by org.testng.reporters.JUnitReportReporter -->
<testsuite skipped="0" hostname="atauser9-PC" name="com.crm.qa.tests.ContactsPageTest" tests="2" failures="0" timestamp="2020-04-27T13:41:31 CDT" time="11.524" errors="0">
  <testcase name="validateHeader" time="0.047" classname="com.crm.qa.tests.ContactsPageTest"/>
  <system-out/>
  <testcase name="validateContactsTable" time="11.477" classname="com.crm.qa.tests.ContactsPageTest"/>
  <system-out/>
</testsuite> <!-- com.crm.qa.tests.ContactsPageTest -->
